Determining if the pthread_create exist failed with the following output:
Change Dir: /mnt/2BC7DF4C492DF2D1/Files/Study/Datalogi 2/DH2323/Labb 1/Rainbow/CMakeFiles/CMakeTmp

Run Build Command:"/usr/bin/make" "cmTC_254d8/fast"
/usr/bin/make -f CMakeFiles/cmTC_254d8.dir/build.make CMakeFiles/cmTC_254d8.dir/build
make[1]: Entering directory '/mnt/2BC7DF4C492DF2D1/Files/Study/Datalogi 2/DH2323/Labb 1/Rainbow/CMakeFiles/CMakeTmp'
Building C object CMakeFiles/cmTC_254d8.dir/CheckSymbolExists.c.o
/usr/bin/cc     -o CMakeFiles/cmTC_254d8.dir/CheckSymbolExists.c.o   -c "/mnt/2BC7DF4C492DF2D1/Files/Study/Datalogi 2/DH2323/Labb 1/Rainbow/CMakeFiles/CMakeTmp/CheckSymbolExists.c"
Linking C executable cmTC_254d8
/usr/bin/cmake -E cmake_link_script CMakeFiles/cmTC_254d8.dir/link.txt --verbose=1
/usr/bin/cc       CMakeFiles/cmTC_254d8.dir/CheckSymbolExists.c.o  -o cmTC_254d8 -rdynamic 
CMakeFiles/cmTC_254d8.dir/CheckSymbolExists.c.o: In function `main':
CheckSymbolExists.c:(.text+0x16): undefined reference to `pthread_create'
collect2: error: ld returned 1 exit status
CMakeFiles/cmTC_254d8.dir/build.make:97: recipe for target 'cmTC_254d8' failed
make[1]: *** [cmTC_254d8] Error 1
make[1]: Leaving directory '/mnt/2BC7DF4C492DF2D1/Files/Study/Datalogi 2/DH2323/Labb 1/Rainbow/CMakeFiles/CMakeTmp'
Makefile:126: recipe for target 'cmTC_254d8/fast' failed
make: *** [cmTC_254d8/fast] Error 2

File /mnt/2BC7DF4C492DF2D1/Files/Study/Datalogi 2/DH2323/Labb 1/Rainbow/CMakeFiles/CMakeTmp/CheckSymbolExists.c:
/* */
#include <pthread.h>

int main(int argc, char** argv)
{
  (void)argv;
#ifndef pthread_create
  return ((int*)(&pthread_create))[argc];
#else
  (void)argc;
  return 0;
#endif
}

Determining if the function pthread_create exists in the pthreads failed with the following output:
Change Dir: /mnt/2BC7DF4C492DF2D1/Files/Study/Datalogi 2/DH2323/Labb 1/Rainbow/CMakeFiles/CMakeTmp

Run Build Command:"/usr/bin/make" "cmTC_fbde4/fast"
/usr/bin/make -f CMakeFiles/cmTC_fbde4.dir/build.make CMakeFiles/cmTC_fbde4.dir/build
make[1]: Entering directory '/mnt/2BC7DF4C492DF2D1/Files/Study/Datalogi 2/DH2323/Labb 1/Rainbow/CMakeFiles/CMakeTmp'
Building C object CMakeFiles/cmTC_fbde4.dir/CheckFunctionExists.c.o
/usr/bin/cc    -DCHECK_FUNCTION_EXISTS=pthread_create   -o CMakeFiles/cmTC_fbde4.dir/CheckFunctionExists.c.o   -c /usr/share/cmake-3.5/Modules/CheckFunctionExists.c
Linking C executable cmTC_fbde4
/usr/bin/cmake -E cmake_link_script CMakeFiles/cmTC_fbde4.dir/link.txt --verbose=1
/usr/bin/cc   -DCHECK_FUNCTION_EXISTS=pthread_create    CMakeFiles/cmTC_fbde4.dir/CheckFunctionExists.c.o  -o cmTC_fbde4 -rdynamic -lpthreads 
/usr/bin/ld: cannot find -lpthreads
collect2: error: ld returned 1 exit status
CMakeFiles/cmTC_fbde4.dir/build.make:97: recipe for target 'cmTC_fbde4' failed
make[1]: *** [cmTC_fbde4] Error 1
make[1]: Leaving directory '/mnt/2BC7DF4C492DF2D1/Files/Study/Datalogi 2/DH2323/Labb 1/Rainbow/CMakeFiles/CMakeTmp'
Makefile:126: recipe for target 'cmTC_fbde4/fast' failed
make: *** [cmTC_fbde4/fast] Error 2


