Determining if the pthread_create exist failed with the following output:
Change Dir: /mnt/2BC7DF4C492DF2D1/Files/Study/Datalogi 2/DH2323/Labb 2/RayTracing/CMakeFiles/CMakeTmp

Run Build Command:"/usr/bin/make" "cmTC_a8e02/fast"
/usr/bin/make -f CMakeFiles/cmTC_a8e02.dir/build.make CMakeFiles/cmTC_a8e02.dir/build
make[1]: Entering directory '/mnt/2BC7DF4C492DF2D1/Files/Study/Datalogi 2/DH2323/Labb 2/RayTracing/CMakeFiles/CMakeTmp'
Building C object CMakeFiles/cmTC_a8e02.dir/CheckSymbolExists.c.o
/usr/bin/cc     -o CMakeFiles/cmTC_a8e02.dir/CheckSymbolExists.c.o   -c "/mnt/2BC7DF4C492DF2D1/Files/Study/Datalogi 2/DH2323/Labb 2/RayTracing/CMakeFiles/CMakeTmp/CheckSymbolExists.c"
Linking C executable cmTC_a8e02
/usr/bin/cmake -E cmake_link_script CMakeFiles/cmTC_a8e02.dir/link.txt --verbose=1
/usr/bin/cc       CMakeFiles/cmTC_a8e02.dir/CheckSymbolExists.c.o  -o cmTC_a8e02 -rdynamic 
CMakeFiles/cmTC_a8e02.dir/CheckSymbolExists.c.o: In function `main':
CheckSymbolExists.c:(.text+0x16): undefined reference to `pthread_create'
collect2: error: ld returned 1 exit status
CMakeFiles/cmTC_a8e02.dir/build.make:97: recipe for target 'cmTC_a8e02' failed
make[1]: *** [cmTC_a8e02] Error 1
make[1]: Leaving directory '/mnt/2BC7DF4C492DF2D1/Files/Study/Datalogi 2/DH2323/Labb 2/RayTracing/CMakeFiles/CMakeTmp'
Makefile:126: recipe for target 'cmTC_a8e02/fast' failed
make: *** [cmTC_a8e02/fast] Error 2

File /mnt/2BC7DF4C492DF2D1/Files/Study/Datalogi 2/DH2323/Labb 2/RayTracing/CMakeFiles/CMakeTmp/CheckSymbolExists.c:
/* */
#include <pthread.h>

int main(int argc, char** argv)
{
  (void)argv;
#ifndef pthread_create
  return ((int*)(&pthread_create))[argc];
#else
  (void)argc;
  return 0;
#endif
}

Determining if the function pthread_create exists in the pthreads failed with the following output:
Change Dir: /mnt/2BC7DF4C492DF2D1/Files/Study/Datalogi 2/DH2323/Labb 2/RayTracing/CMakeFiles/CMakeTmp

Run Build Command:"/usr/bin/make" "cmTC_08eda/fast"
/usr/bin/make -f CMakeFiles/cmTC_08eda.dir/build.make CMakeFiles/cmTC_08eda.dir/build
make[1]: Entering directory '/mnt/2BC7DF4C492DF2D1/Files/Study/Datalogi 2/DH2323/Labb 2/RayTracing/CMakeFiles/CMakeTmp'
Building C object CMakeFiles/cmTC_08eda.dir/CheckFunctionExists.c.o
/usr/bin/cc    -DCHECK_FUNCTION_EXISTS=pthread_create   -o CMakeFiles/cmTC_08eda.dir/CheckFunctionExists.c.o   -c /usr/share/cmake-3.5/Modules/CheckFunctionExists.c
Linking C executable cmTC_08eda
/usr/bin/cmake -E cmake_link_script CMakeFiles/cmTC_08eda.dir/link.txt --verbose=1
/usr/bin/cc   -DCHECK_FUNCTION_EXISTS=pthread_create    CMakeFiles/cmTC_08eda.dir/CheckFunctionExists.c.o  -o cmTC_08eda -rdynamic -lpthreads 
/usr/bin/ld: cannot find -lpthreads
collect2: error: ld returned 1 exit status
CMakeFiles/cmTC_08eda.dir/build.make:97: recipe for target 'cmTC_08eda' failed
make[1]: *** [cmTC_08eda] Error 1
make[1]: Leaving directory '/mnt/2BC7DF4C492DF2D1/Files/Study/Datalogi 2/DH2323/Labb 2/RayTracing/CMakeFiles/CMakeTmp'
Makefile:126: recipe for target 'cmTC_08eda/fast' failed
make: *** [cmTC_08eda/fast] Error 2


