Determining if the pthread_create exist failed with the following output:
Change Dir: /mnt/2BC7DF4C492DF2D1/Files/Study/Datalogi 2/DH2323/Labb 3/Rasterisation/CMakeFiles/CMakeTmp

Run Build Command:"/usr/bin/make" "cmTC_7de9b/fast"
/usr/bin/make -f CMakeFiles/cmTC_7de9b.dir/build.make CMakeFiles/cmTC_7de9b.dir/build
make[1]: Entering directory '/mnt/2BC7DF4C492DF2D1/Files/Study/Datalogi 2/DH2323/Labb 3/Rasterisation/CMakeFiles/CMakeTmp'
Building C object CMakeFiles/cmTC_7de9b.dir/CheckSymbolExists.c.o
/usr/bin/cc     -o CMakeFiles/cmTC_7de9b.dir/CheckSymbolExists.c.o   -c "/mnt/2BC7DF4C492DF2D1/Files/Study/Datalogi 2/DH2323/Labb 3/Rasterisation/CMakeFiles/CMakeTmp/CheckSymbolExists.c"
Linking C executable cmTC_7de9b
/usr/bin/cmake -E cmake_link_script CMakeFiles/cmTC_7de9b.dir/link.txt --verbose=1
/usr/bin/cc       CMakeFiles/cmTC_7de9b.dir/CheckSymbolExists.c.o  -o cmTC_7de9b -rdynamic 
CMakeFiles/cmTC_7de9b.dir/CheckSymbolExists.c.o: In function `main':
CheckSymbolExists.c:(.text+0x16): undefined reference to `pthread_create'
collect2: error: ld returned 1 exit status
CMakeFiles/cmTC_7de9b.dir/build.make:97: recipe for target 'cmTC_7de9b' failed
make[1]: *** [cmTC_7de9b] Error 1
make[1]: Leaving directory '/mnt/2BC7DF4C492DF2D1/Files/Study/Datalogi 2/DH2323/Labb 3/Rasterisation/CMakeFiles/CMakeTmp'
Makefile:126: recipe for target 'cmTC_7de9b/fast' failed
make: *** [cmTC_7de9b/fast] Error 2

File /mnt/2BC7DF4C492DF2D1/Files/Study/Datalogi 2/DH2323/Labb 3/Rasterisation/CMakeFiles/CMakeTmp/CheckSymbolExists.c:
/* */
#include <pthread.h>

int main(int argc, char** argv)
{
  (void)argv;
#ifndef pthread_create
  return ((int*)(&pthread_create))[argc];
#else
  (void)argc;
  return 0;
#endif
}

Determining if the function pthread_create exists in the pthreads failed with the following output:
Change Dir: /mnt/2BC7DF4C492DF2D1/Files/Study/Datalogi 2/DH2323/Labb 3/Rasterisation/CMakeFiles/CMakeTmp

Run Build Command:"/usr/bin/make" "cmTC_81750/fast"
/usr/bin/make -f CMakeFiles/cmTC_81750.dir/build.make CMakeFiles/cmTC_81750.dir/build
make[1]: Entering directory '/mnt/2BC7DF4C492DF2D1/Files/Study/Datalogi 2/DH2323/Labb 3/Rasterisation/CMakeFiles/CMakeTmp'
Building C object CMakeFiles/cmTC_81750.dir/CheckFunctionExists.c.o
/usr/bin/cc    -DCHECK_FUNCTION_EXISTS=pthread_create   -o CMakeFiles/cmTC_81750.dir/CheckFunctionExists.c.o   -c /usr/share/cmake-3.5/Modules/CheckFunctionExists.c
Linking C executable cmTC_81750
/usr/bin/cmake -E cmake_link_script CMakeFiles/cmTC_81750.dir/link.txt --verbose=1
/usr/bin/cc   -DCHECK_FUNCTION_EXISTS=pthread_create    CMakeFiles/cmTC_81750.dir/CheckFunctionExists.c.o  -o cmTC_81750 -rdynamic -lpthreads 
/usr/bin/ld: cannot find -lpthreads
collect2: error: ld returned 1 exit status
CMakeFiles/cmTC_81750.dir/build.make:97: recipe for target 'cmTC_81750' failed
make[1]: *** [cmTC_81750] Error 1
make[1]: Leaving directory '/mnt/2BC7DF4C492DF2D1/Files/Study/Datalogi 2/DH2323/Labb 3/Rasterisation/CMakeFiles/CMakeTmp'
Makefile:126: recipe for target 'cmTC_81750/fast' failed
make: *** [cmTC_81750/fast] Error 2


